<?xml version="1.0" encoding="UTF-8"?>
<!-- Generated by org.testng.reporters.JUnitXMLReporter -->
<testsuite hostname="LNGSHAL-104" name="Default test" tests="121" failures="1" timestamp="5 Sep 2013 09:42:04 GMT" time="28.365" errors="0">
  <testcase name="@BeforeMethod beforeMethod" time="0.0" classname="com.lexiscn.search.LandingPageSearch">
    <failure type="org.openqa.selenium.remote.UnreachableBrowserException" message="Error communicating with the remote browser. It may have died.
Build info: version: &amp;apos;2.35.0&amp;apos;, revision: &amp;apos;c916b9d&amp;apos;, time: &amp;apos;2013-08-12 15:42:30&amp;apos;
System info: os.name: &amp;apos;Windows 7&amp;apos;, os.arch: &amp;apos;amd64&amp;apos;, os.version: &amp;apos;6.1&amp;apos;, java.version: &amp;apos;1.7.0_07&amp;apos;
Driver info: driver.version: RemoteWebDriver">
      <![CDATA[org.openqa.selenium.remote.UnreachableBrowserException: Error communicating with the remote browser. It may have died.
Build info: version: '2.35.0', revision: 'c916b9d', time: '2013-08-12 15:42:30'
System info: os.name: 'Windows 7', os.arch: 'amd64', os.version: '6.1', java.version: '1.7.0_07'
Driver info: driver.version: RemoteWebDriver
	at org.openqa.selenium.remote.RemoteWebDriver.execute(RemoteWebDriver.java:548)
	at org.openqa.selenium.remote.RemoteWebDriver.get(RemoteWebDriver.java:276)
	at com.lexiscn.search.LandingPageSearch.beforeMethod(LandingPageSearch.java:58)
	at sun.reflect.NativeMethodAccessorImpl.invoke0(Native Method)
	at sun.reflect.NativeMethodAccessorImpl.invoke(NativeMethodAccessorImpl.java:57)
	at sun.reflect.DelegatingMethodAccessorImpl.invoke(DelegatingMethodAccessorImpl.java:43)
	at java.lang.reflect.Method.invoke(Method.java:601)
	at org.testng.internal.MethodInvocationHelper.invokeMethod(MethodInvocationHelper.java:84)
	at org.testng.internal.Invoker.invokeConfigurationMethod(Invoker.java:564)
	at org.testng.internal.Invoker.invokeConfigurations(Invoker.java:213)
	at org.testng.internal.Invoker.invokeMethod(Invoker.java:653)
	at org.testng.internal.Invoker.invokeTestMethod(Invoker.java:901)
	at org.testng.internal.Invoker.invokeTestMethods(Invoker.java:1231)
	at org.testng.internal.TestMethodWorker.invokeTestMethods(TestMethodWorker.java:127)
	at org.testng.internal.TestMethodWorker.run(TestMethodWorker.java:111)
	at org.testng.TestRunner.privateRun(TestRunner.java:767)
	at org.testng.TestRunner.run(TestRunner.java:617)
	at org.testng.SuiteRunner.runTest(SuiteRunner.java:335)
	at org.testng.SuiteRunner.runSequentially(SuiteRunner.java:330)
	at org.testng.SuiteRunner.privateRun(SuiteRunner.java:291)
	at org.testng.SuiteRunner.run(SuiteRunner.java:240)
	at org.testng.SuiteRunnerWorker.runSuite(SuiteRunnerWorker.java:52)
	at org.testng.SuiteRunnerWorker.run(SuiteRunnerWorker.java:86)
	at org.testng.TestNG.runSuitesSequentially(TestNG.java:1224)
	at org.testng.TestNG.runSuitesLocally(TestNG.java:1149)
	at org.testng.TestNG.run(TestNG.java:1057)
	at org.testng.remote.RemoteTestNG.run(RemoteTestNG.java:111)
	at org.testng.remote.RemoteTestNG.initAndRun(RemoteTestNG.java:204)
	at org.testng.remote.RemoteTestNG.main(RemoteTestNG.java:175)
Caused by: org.apache.http.conn.HttpHostConnectException: Connection to http://127.0.0.1:7056 refused
	at org.apache.http.impl.conn.DefaultClientConnectionOperator.openConnection(DefaultClientConnectionOperator.java:190)
	at org.apache.http.impl.conn.AbstractPoolEntry.open(AbstractPoolEntry.java:151)
	at org.apache.http.impl.conn.AbstractPooledConnAdapter.open(AbstractPooledConnAdapter.java:125)
	at org.apache.http.impl.client.DefaultRequestDirector.tryConnect(DefaultRequestDirector.java:640)
	at org.apache.http.impl.client.DefaultRequestDirector.execute(DefaultRequestDirector.java:479)
	at org.apache.http.impl.client.AbstractHttpClient.execute(AbstractHttpClient.java:906)
	at org.openqa.selenium.remote.HttpCommandExecutor.fallBackExecute(HttpCommandExecutor.java:319)
	at org.openqa.selenium.remote.HttpCommandExecutor.execute(HttpCommandExecutor.java:298)
	at org.openqa.selenium.firefox.internal.NewProfileExtensionConnection.execute(NewProfileExtensionConnection.java:133)
	at org.openqa.selenium.firefox.FirefoxDriver$LazyCommandExecutor.execute(FirefoxDriver.java:367)
	at org.openqa.selenium.remote.RemoteWebDriver.execute(RemoteWebDriver.java:527)
	... 28 more
Caused by: java.net.ConnectException: Connection refused: connect
	at java.net.DualStackPlainSocketImpl.waitForConnect(Native Method)
	at java.net.DualStackPlainSocketImpl.socketConnect(DualStackPlainSocketImpl.java:75)
	at java.net.AbstractPlainSocketImpl.doConnect(AbstractPlainSocketImpl.java:339)
	at java.net.AbstractPlainSocketImpl.connectToAddress(AbstractPlainSocketImpl.java:200)
	at java.net.AbstractPlainSocketImpl.connect(AbstractPlainSocketImpl.java:182)
	at java.net.PlainSocketImpl.connect(PlainSocketImpl.java:157)
	at java.net.SocksSocketImpl.connect(SocksSocketImpl.java:391)
	at java.net.Socket.connect(Socket.java:579)
	at org.apache.http.conn.scheme.PlainSocketFactory.connectSocket(PlainSocketFactory.java:127)
	at org.apache.http.impl.conn.DefaultClientConnectionOperator.openConnection(DefaultClientConnectionOperator.java:180)
	... 38 more
]]>
    </failure>
  </testcase> <!-- @BeforeMethod beforeMethod -->
  <testcase name="@BeforeMethod beforeMethod" time="0.0" classname="com.lexiscn.search.LandingPageSearch">
    <skipped/>
  </testcase> <!-- @BeforeMethod beforeMethod -->
  <testcase name="@BeforeMethod beforeMethod" time="0.0" classname="com.lexiscn.search.LandingPageSearch">
    <skipped/>
  </testcase> <!-- @BeforeMethod beforeMethod -->
  <testcase name="@BeforeMethod beforeMethod" time="0.0" classname="com.lexiscn.search.LandingPageSearch">
    <skipped/>
  </testcase> <!-- @BeforeMethod beforeMethod -->
  <testcase name="@BeforeMethod beforeMethod" time="0.0" classname="com.lexiscn.search.LandingPageSearch">
    <skipped/>
  </testcase> <!-- @BeforeMethod beforeMethod -->
  <testcase name="@BeforeMethod beforeMethod" time="0.0" classname="com.lexiscn.search.LandingPageSearch">
    <skipped/>
  </testcase> <!-- @BeforeMethod beforeMethod -->
  <testcase name="@BeforeMethod beforeMethod" time="0.0" classname="com.lexiscn.search.LandingPageSearch">
    <skipped/>
  </testcase> <!-- @BeforeMethod beforeMethod -->
  <testcase name="@BeforeMethod beforeMethod" time="0.0" classname="com.lexiscn.search.LandingPageSearch">
    <skipped/>
  </testcase> <!-- @BeforeMethod beforeMethod -->
  <testcase name="@BeforeMethod beforeMethod" time="0.0" classname="com.lexiscn.search.LandingPageSearch">
    <skipped/>
  </testcase> <!-- @BeforeMethod beforeMethod -->
  <testcase name="@BeforeMethod beforeMethod" time="0.0" classname="com.lexiscn.search.LandingPageSearch">
    <skipped/>
  </testcase> <!-- @BeforeMethod beforeMethod -->
  <testcase name="@BeforeMethod beforeMethod" time="0.0" classname="com.lexiscn.search.LandingPageSearch">
    <skipped/>
  </testcase> <!-- @BeforeMethod beforeMethod -->
  <testcase name="@BeforeMethod beforeMethod" time="0.0" classname="com.lexiscn.search.LandingPageSearch">
    <skipped/>
  </testcase> <!-- @BeforeMethod beforeMethod -->
  <testcase name="@BeforeMethod beforeMethod" time="0.0" classname="com.lexiscn.search.LandingPageSearch">
    <skipped/>
  </testcase> <!-- @BeforeMethod beforeMethod -->
  <testcase name="@BeforeMethod beforeMethod" time="0.0" classname="com.lexiscn.search.LandingPageSearch">
    <skipped/>
  </testcase> <!-- @BeforeMethod beforeMethod -->
  <testcase name="@BeforeMethod beforeMethod" time="0.0" classname="com.lexiscn.search.LandingPageSearch">
    <skipped/>
  </testcase> <!-- @BeforeMethod beforeMethod -->
  <testcase name="@BeforeMethod beforeMethod" time="0.0" classname="com.lexiscn.search.LandingPageSearch">
    <skipped/>
  </testcase> <!-- @BeforeMethod beforeMethod -->
  <testcase name="@BeforeMethod beforeMethod" time="0.0" classname="com.lexiscn.search.LandingPageSearch">
    <skipped/>
  </testcase> <!-- @BeforeMethod beforeMethod -->
  <testcase name="@BeforeMethod beforeMethod" time="0.0" classname="com.lexiscn.search.LandingPageSearch">
    <skipped/>
  </testcase> <!-- @BeforeMethod beforeMethod -->
  <testcase name="@BeforeMethod beforeMethod" time="0.0" classname="com.lexiscn.search.LandingPageSearch">
    <skipped/>
  </testcase> <!-- @BeforeMethod beforeMethod -->
  <testcase name="@BeforeMethod beforeMethod" time="0.0" classname="com.lexiscn.search.LandingPageSearch">
    <skipped/>
  </testcase> <!-- @BeforeMethod beforeMethod -->
  <testcase name="@BeforeMethod beforeMethod" time="0.0" classname="com.lexiscn.search.LandingPageSearch">
    <skipped/>
  </testcase> <!-- @BeforeMethod beforeMethod -->
  <testcase name="@BeforeMethod beforeMethod" time="0.0" classname="com.lexiscn.search.LandingPageSearch">
    <skipped/>
  </testcase> <!-- @BeforeMethod beforeMethod -->
  <testcase name="@BeforeMethod beforeMethod" time="0.0" classname="com.lexiscn.search.LandingPageSearch">
    <skipped/>
  </testcase> <!-- @BeforeMethod beforeMethod -->
  <testcase name="@BeforeMethod beforeMethod" time="0.0" classname="com.lexiscn.search.LandingPageSearch">
    <skipped/>
  </testcase> <!-- @BeforeMethod beforeMethod -->
  <testcase name="@BeforeMethod beforeMethod" time="0.0" classname="com.lexiscn.search.LandingPageSearch">
    <skipped/>
  </testcase> <!-- @BeforeMethod beforeMethod -->
  <testcase name="@BeforeMethod beforeMethod" time="0.0" classname="com.lexiscn.search.LandingPageSearch">
    <skipped/>
  </testcase> <!-- @BeforeMethod beforeMethod -->
  <testcase name="@BeforeMethod beforeMethod" time="0.0" classname="com.lexiscn.search.LandingPageSearch">
    <skipped/>
  </testcase> <!-- @BeforeMethod beforeMethod -->
  <testcase name="@BeforeMethod beforeMethod" time="0.0" classname="com.lexiscn.search.LandingPageSearch">
    <skipped/>
  </testcase> <!-- @BeforeMethod beforeMethod -->
  <testcase name="@BeforeMethod beforeMethod" time="0.0" classname="com.lexiscn.search.LandingPageSearch">
    <skipped/>
  </testcase> <!-- @BeforeMethod beforeMethod -->
  <testcase name="@BeforeMethod beforeMethod" time="0.0" classname="com.lexiscn.search.LandingPageSearch">
    <skipped/>
  </testcase> <!-- @BeforeMethod beforeMethod -->
  <testcase name="@BeforeMethod beforeMethod" time="0.0" classname="com.lexiscn.search.LandingPageSearch">
    <skipped/>
  </testcase> <!-- @BeforeMethod beforeMethod -->
  <testcase name="@BeforeMethod beforeMethod" time="0.0" classname="com.lexiscn.search.LandingPageSearch">
    <skipped/>
  </testcase> <!-- @BeforeMethod beforeMethod -->
  <testcase name="@BeforeMethod beforeMethod" time="0.0" classname="com.lexiscn.search.LandingPageSearch">
    <skipped/>
  </testcase> <!-- @BeforeMethod beforeMethod -->
  <testcase name="@BeforeMethod beforeMethod" time="0.0" classname="com.lexiscn.search.LandingPageSearch">
    <skipped/>
  </testcase> <!-- @BeforeMethod beforeMethod -->
  <testcase name="@BeforeMethod beforeMethod" time="0.0" classname="com.lexiscn.search.LandingPageSearch">
    <skipped/>
  </testcase> <!-- @BeforeMethod beforeMethod -->
  <testcase name="@BeforeMethod beforeMethod" time="0.0" classname="com.lexiscn.search.LandingPageSearch">
    <skipped/>
  </testcase> <!-- @BeforeMethod beforeMethod -->
  <testcase name="@BeforeMethod beforeMethod" time="0.0" classname="com.lexiscn.search.LandingPageSearch">
    <skipped/>
  </testcase> <!-- @BeforeMethod beforeMethod -->
  <testcase name="@BeforeMethod beforeMethod" time="0.0" classname="com.lexiscn.search.LandingPageSearch">
    <skipped/>
  </testcase> <!-- @BeforeMethod beforeMethod -->
  <testcase name="@BeforeMethod beforeMethod" time="0.0" classname="com.lexiscn.search.LandingPageSearch">
    <skipped/>
  </testcase> <!-- @BeforeMethod beforeMethod -->
  <testcase name="@BeforeMethod beforeMethod" time="0.0" classname="com.lexiscn.search.LandingPageSearch">
    <skipped/>
  </testcase> <!-- @BeforeMethod beforeMethod -->
  <testcase name="@BeforeMethod beforeMethod" time="0.0" classname="com.lexiscn.search.LandingPageSearch">
    <skipped/>
  </testcase> <!-- @BeforeMethod beforeMethod -->
  <testcase name="@BeforeMethod beforeMethod" time="0.0" classname="com.lexiscn.search.LandingPageSearch">
    <skipped/>
  </testcase> <!-- @BeforeMethod beforeMethod -->
  <testcase name="@BeforeMethod beforeMethod" time="0.0" classname="com.lexiscn.search.LandingPageSearch">
    <skipped/>
  </testcase> <!-- @BeforeMethod beforeMethod -->
  <testcase name="@BeforeMethod beforeMethod" time="0.0" classname="com.lexiscn.search.LandingPageSearch">
    <skipped/>
  </testcase> <!-- @BeforeMethod beforeMethod -->
  <testcase name="@BeforeMethod beforeMethod" time="0.0" classname="com.lexiscn.search.LandingPageSearch">
    <skipped/>
  </testcase> <!-- @BeforeMethod beforeMethod -->
  <testcase name="@BeforeMethod beforeMethod" time="0.0" classname="com.lexiscn.search.LandingPageSearch">
    <skipped/>
  </testcase> <!-- @BeforeMethod beforeMethod -->
  <testcase name="@BeforeMethod beforeMethod" time="0.0" classname="com.lexiscn.search.LandingPageSearch">
    <skipped/>
  </testcase> <!-- @BeforeMethod beforeMethod -->
  <testcase name="@BeforeMethod beforeMethod" time="0.0" classname="com.lexiscn.search.LandingPageSearch">
    <skipped/>
  </testcase> <!-- @BeforeMethod beforeMethod -->
  <testcase name="@BeforeMethod beforeMethod" time="0.0" classname="com.lexiscn.search.LandingPageSearch">
    <skipped/>
  </testcase> <!-- @BeforeMethod beforeMethod -->
  <testcase name="@BeforeMethod beforeMethod" time="0.0" classname="com.lexiscn.search.LandingPageSearch">
    <skipped/>
  </testcase> <!-- @BeforeMethod beforeMethod -->
  <testcase name="@BeforeMethod beforeMethod" time="0.0" classname="com.lexiscn.search.LandingPageSearch">
    <skipped/>
  </testcase> <!-- @BeforeMethod beforeMethod -->
  <testcase name="@BeforeMethod beforeMethod" time="0.0" classname="com.lexiscn.search.LandingPageSearch">
    <skipped/>
  </testcase> <!-- @BeforeMethod beforeMethod -->
  <testcase name="@BeforeMethod beforeMethod" time="0.0" classname="com.lexiscn.search.LandingPageSearch">
    <skipped/>
  </testcase> <!-- @BeforeMethod beforeMethod -->
  <testcase name="@BeforeMethod beforeMethod" time="0.0" classname="com.lexiscn.search.LandingPageSearch">
    <skipped/>
  </testcase> <!-- @BeforeMethod beforeMethod -->
  <testcase name="@BeforeMethod beforeMethod" time="0.0" classname="com.lexiscn.search.LandingPageSearch">
    <skipped/>
  </testcase> <!-- @BeforeMethod beforeMethod -->
  <testcase name="@BeforeMethod beforeMethod" time="0.0" classname="com.lexiscn.search.LandingPageSearch">
    <skipped/>
  </testcase> <!-- @BeforeMethod beforeMethod -->
  <testcase name="@BeforeMethod beforeMethod" time="0.0" classname="com.lexiscn.search.LandingPageSearch">
    <skipped/>
  </testcase> <!-- @BeforeMethod beforeMethod -->
  <testcase name="@BeforeMethod beforeMethod" time="0.0" classname="com.lexiscn.search.LandingPageSearch">
    <skipped/>
  </testcase> <!-- @BeforeMethod beforeMethod -->
  <testcase name="@BeforeMethod beforeMethod" time="0.0" classname="com.lexiscn.search.LandingPageSearch">
    <skipped/>
  </testcase> <!-- @BeforeMethod beforeMethod -->
  <testcase name="@BeforeMethod beforeMethod" time="0.0" classname="com.lexiscn.search.LandingPageSearch">
    <skipped/>
  </testcase> <!-- @BeforeMethod beforeMethod -->
  <testcase name="@BeforeMethod beforeMethod" time="0.0" classname="com.lexiscn.search.LandingPageSearch">
    <skipped/>
  </testcase> <!-- @BeforeMethod beforeMethod -->
  <testcase name="@BeforeMethod beforeMethod" time="0.0" classname="com.lexiscn.search.LandingPageSearch">
    <skipped/>
  </testcase> <!-- @BeforeMethod beforeMethod -->
  <testcase name="@BeforeMethod beforeMethod" time="0.0" classname="com.lexiscn.search.LandingPageSearch">
    <skipped/>
  </testcase> <!-- @BeforeMethod beforeMethod -->
  <testcase name="@BeforeMethod beforeMethod" time="0.0" classname="com.lexiscn.search.LandingPageSearch">
    <skipped/>
  </testcase> <!-- @BeforeMethod beforeMethod -->
  <testcase name="@BeforeMethod beforeMethod" time="0.0" classname="com.lexiscn.search.LandingPageSearch">
    <skipped/>
  </testcase> <!-- @BeforeMethod beforeMethod -->
  <testcase name="@BeforeMethod beforeMethod" time="0.0" classname="com.lexiscn.search.LandingPageSearch">
    <skipped/>
  </testcase> <!-- @BeforeMethod beforeMethod -->
  <testcase name="@BeforeMethod beforeMethod" time="0.0" classname="com.lexiscn.search.LandingPageSearch">
    <skipped/>
  </testcase> <!-- @BeforeMethod beforeMethod -->
  <testcase name="@BeforeMethod beforeMethod" time="0.0" classname="com.lexiscn.search.LandingPageSearch">
    <skipped/>
  </testcase> <!-- @BeforeMethod beforeMethod -->
  <testcase name="@BeforeMethod beforeMethod" time="0.0" classname="com.lexiscn.search.LandingPageSearch">
    <skipped/>
  </testcase> <!-- @BeforeMethod beforeMethod -->
  <testcase name="@BeforeMethod beforeMethod" time="0.0" classname="com.lexiscn.search.LandingPageSearch">
    <skipped/>
  </testcase> <!-- @BeforeMethod beforeMethod -->
  <testcase name="@BeforeMethod beforeMethod" time="0.0" classname="com.lexiscn.search.LandingPageSearch">
    <skipped/>
  </testcase> <!-- @BeforeMethod beforeMethod -->
  <testcase name="@BeforeMethod beforeMethod" time="0.0" classname="com.lexiscn.search.LandingPageSearch">
    <skipped/>
  </testcase> <!-- @BeforeMethod beforeMethod -->
  <testcase name="@BeforeMethod beforeMethod" time="0.0" classname="com.lexiscn.search.LandingPageSearch">
    <skipped/>
  </testcase> <!-- @BeforeMethod beforeMethod -->
  <testcase name="@BeforeMethod beforeMethod" time="0.0" classname="com.lexiscn.search.LandingPageSearch">
    <skipped/>
  </testcase> <!-- @BeforeMethod beforeMethod -->
  <testcase name="@BeforeMethod beforeMethod" time="0.0" classname="com.lexiscn.search.LandingPageSearch">
    <skipped/>
  </testcase> <!-- @BeforeMethod beforeMethod -->
  <testcase name="@BeforeMethod beforeMethod" time="0.0" classname="com.lexiscn.search.LandingPageSearch">
    <skipped/>
  </testcase> <!-- @BeforeMethod beforeMethod -->
  <testcase name="@BeforeMethod beforeMethod" time="0.0" classname="com.lexiscn.search.LandingPageSearch">
    <skipped/>
  </testcase> <!-- @BeforeMethod beforeMethod -->
  <testcase name="@BeforeMethod beforeMethod" time="0.0" classname="com.lexiscn.search.LandingPageSearch">
    <skipped/>
  </testcase> <!-- @BeforeMethod beforeMethod -->
  <testcase name="@BeforeMethod beforeMethod" time="0.0" classname="com.lexiscn.search.LandingPageSearch">
    <skipped/>
  </testcase> <!-- @BeforeMethod beforeMethod -->
  <testcase name="@BeforeMethod beforeMethod" time="0.0" classname="com.lexiscn.search.LandingPageSearch">
    <skipped/>
  </testcase> <!-- @BeforeMethod beforeMethod -->
  <testcase name="@BeforeMethod beforeMethod" time="0.0" classname="com.lexiscn.search.LandingPageSearch">
    <skipped/>
  </testcase> <!-- @BeforeMethod beforeMethod -->
  <testcase name="@BeforeMethod beforeMethod" time="0.0" classname="com.lexiscn.search.LandingPageSearch">
    <skipped/>
  </testcase> <!-- @BeforeMethod beforeMethod -->
  <testcase name="@BeforeMethod beforeMethod" time="0.0" classname="com.lexiscn.search.LandingPageSearch">
    <skipped/>
  </testcase> <!-- @BeforeMethod beforeMethod -->
  <testcase name="@BeforeMethod beforeMethod" time="0.0" classname="com.lexiscn.search.LandingPageSearch">
    <skipped/>
  </testcase> <!-- @BeforeMethod beforeMethod -->
  <testcase name="@BeforeMethod beforeMethod" time="0.0" classname="com.lexiscn.search.LandingPageSearch">
    <skipped/>
  </testcase> <!-- @BeforeMethod beforeMethod -->
  <testcase name="@BeforeMethod beforeMethod" time="0.0" classname="com.lexiscn.search.LandingPageSearch">
    <skipped/>
  </testcase> <!-- @BeforeMethod beforeMethod -->
  <testcase name="@BeforeMethod beforeMethod" time="0.0" classname="com.lexiscn.search.LandingPageSearch">
    <skipped/>
  </testcase> <!-- @BeforeMethod beforeMethod -->
  <testcase name="@BeforeMethod beforeMethod" time="0.0" classname="com.lexiscn.search.LandingPageSearch">
    <skipped/>
  </testcase> <!-- @BeforeMethod beforeMethod -->
  <testcase name="@BeforeMethod beforeMethod" time="0.0" classname="com.lexiscn.search.LandingPageSearch">
    <skipped/>
  </testcase> <!-- @BeforeMethod beforeMethod -->
  <testcase name="@BeforeMethod beforeMethod" time="0.0" classname="com.lexiscn.search.LandingPageSearch">
    <skipped/>
  </testcase> <!-- @BeforeMethod beforeMethod -->
  <testcase name="@BeforeMethod beforeMethod" time="0.0" classname="com.lexiscn.search.LandingPageSearch">
    <skipped/>
  </testcase> <!-- @BeforeMethod beforeMethod -->
  <testcase name="@BeforeMethod beforeMethod" time="0.0" classname="com.lexiscn.search.LandingPageSearch">
    <skipped/>
  </testcase> <!-- @BeforeMethod beforeMethod -->
  <testcase name="@BeforeMethod beforeMethod" time="0.0" classname="com.lexiscn.search.LandingPageSearch">
    <skipped/>
  </testcase> <!-- @BeforeMethod beforeMethod -->
  <testcase name="@BeforeMethod beforeMethod" time="0.0" classname="com.lexiscn.search.LandingPageSearch">
    <skipped/>
  </testcase> <!-- @BeforeMethod beforeMethod -->
  <testcase name="@BeforeMethod beforeMethod" time="0.0" classname="com.lexiscn.search.LandingPageSearch">
    <skipped/>
  </testcase> <!-- @BeforeMethod beforeMethod -->
  <testcase name="@BeforeMethod beforeMethod" time="0.0" classname="com.lexiscn.search.LandingPageSearch">
    <skipped/>
  </testcase> <!-- @BeforeMethod beforeMethod -->
  <testcase name="@BeforeMethod beforeMethod" time="0.0" classname="com.lexiscn.search.LandingPageSearch">
    <skipped/>
  </testcase> <!-- @BeforeMethod beforeMethod -->
  <testcase name="@BeforeMethod beforeMethod" time="0.0" classname="com.lexiscn.search.LandingPageSearch">
    <skipped/>
  </testcase> <!-- @BeforeMethod beforeMethod -->
  <testcase name="@BeforeMethod beforeMethod" time="0.0" classname="com.lexiscn.search.LandingPageSearch">
    <skipped/>
  </testcase> <!-- @BeforeMethod beforeMethod -->
  <testcase name="@BeforeMethod beforeMethod" time="0.0" classname="com.lexiscn.search.LandingPageSearch">
    <skipped/>
  </testcase> <!-- @BeforeMethod beforeMethod -->
  <testcase name="@BeforeMethod beforeMethod" time="0.0" classname="com.lexiscn.search.LandingPageSearch">
    <skipped/>
  </testcase> <!-- @BeforeMethod beforeMethod -->
  <testcase name="@BeforeMethod beforeMethod" time="0.0" classname="com.lexiscn.search.LandingPageSearch">
    <skipped/>
  </testcase> <!-- @BeforeMethod beforeMethod -->
  <testcase name="@BeforeMethod beforeMethod" time="0.0" classname="com.lexiscn.search.LandingPageSearch">
    <skipped/>
  </testcase> <!-- @BeforeMethod beforeMethod -->
  <testcase name="@BeforeMethod beforeMethod" time="0.0" classname="com.lexiscn.search.LandingPageSearch">
    <skipped/>
  </testcase> <!-- @BeforeMethod beforeMethod -->
  <testcase name="@BeforeMethod beforeMethod" time="0.0" classname="com.lexiscn.search.LandingPageSearch">
    <skipped/>
  </testcase> <!-- @BeforeMethod beforeMethod -->
  <testcase name="@BeforeMethod beforeMethod" time="0.0" classname="com.lexiscn.search.LandingPageSearch">
    <skipped/>
  </testcase> <!-- @BeforeMethod beforeMethod -->
  <testcase name="@BeforeMethod beforeMethod" time="0.0" classname="com.lexiscn.search.LandingPageSearch">
    <skipped/>
  </testcase> <!-- @BeforeMethod beforeMethod -->
  <testcase name="@BeforeMethod beforeMethod" time="0.0" classname="com.lexiscn.search.LandingPageSearch">
    <skipped/>
  </testcase> <!-- @BeforeMethod beforeMethod -->
  <testcase name="@BeforeMethod beforeMethod" time="0.0" classname="com.lexiscn.search.LandingPageSearch">
    <skipped/>
  </testcase> <!-- @BeforeMethod beforeMethod -->
  <testcase name="@BeforeMethod beforeMethod" time="0.0" classname="com.lexiscn.search.LandingPageSearch">
    <skipped/>
  </testcase> <!-- @BeforeMethod beforeMethod -->
  <testcase name="@BeforeMethod beforeMethod" time="0.0" classname="com.lexiscn.search.LandingPageSearch">
    <skipped/>
  </testcase> <!-- @BeforeMethod beforeMethod -->
  <testcase name="@BeforeMethod beforeMethod" time="0.0" classname="com.lexiscn.search.LandingPageSearch">
    <skipped/>
  </testcase> <!-- @BeforeMethod beforeMethod -->
  <testcase name="@BeforeMethod beforeMethod" time="0.0" classname="com.lexiscn.search.LandingPageSearch">
    <skipped/>
  </testcase> <!-- @BeforeMethod beforeMethod -->
  <testcase name="@BeforeMethod beforeMethod" time="0.0" classname="com.lexiscn.search.LandingPageSearch">
    <skipped/>
  </testcase> <!-- @BeforeMethod beforeMethod -->
  <testcase name="@BeforeMethod beforeMethod" time="0.0" classname="com.lexiscn.search.LandingPageSearch">
    <skipped/>
  </testcase> <!-- @BeforeMethod beforeMethod -->
  <testcase name="@BeforeMethod beforeMethod" time="0.0" classname="com.lexiscn.search.LandingPageSearch">
    <skipped/>
  </testcase> <!-- @BeforeMethod beforeMethod -->
  <testcase name="@BeforeMethod beforeMethod" time="0.0" classname="com.lexiscn.search.LandingPageSearch">
    <skipped/>
  </testcase> <!-- @BeforeMethod beforeMethod -->
  <testcase name="@BeforeMethod beforeMethod" time="0.0" classname="com.lexiscn.search.LandingPageSearch">
    <skipped/>
  </testcase> <!-- @BeforeMethod beforeMethod -->
  <testcase name="@AfterClass afterClass" time="0.0" classname="com.lexiscn.search.LandingPageSearch">
    <skipped/>
  </testcase> <!-- @AfterClass afterClass -->
  <testcase name="articleNumberRecognition on com.lexiscn.search.LandingPageSearch@2ef8ee5f" time="5.927" classname="com.lexiscn.search.LandingPageSearch"/>
  <testcase name="articleNumberRecognition on com.lexiscn.search.LandingPageSearch@2ef8ee5f" time="6.028" classname="com.lexiscn.search.LandingPageSearch"/>
  <testcase name="articleNumberRecognition on com.lexiscn.search.LandingPageSearch@2ef8ee5f" time="5.046" classname="com.lexiscn.search.LandingPageSearch">
    <failure type="org.openqa.selenium.remote.UnreachableBrowserException" message="Error communicating with the remote browser. It may have died.
Build info: version: &amp;apos;2.35.0&amp;apos;, revision: &amp;apos;c916b9d&amp;apos;, time: &amp;apos;2013-08-12 15:42:30&amp;apos;
System info: os.name: &amp;apos;Windows 7&amp;apos;, os.arch: &amp;apos;amd64&amp;apos;, os.version: &amp;apos;6.1&amp;apos;, java.version: &amp;apos;1.7.0_07&amp;apos;
Driver info: driver.version: RemoteWebDriver">
      <![CDATA[org.openqa.selenium.remote.UnreachableBrowserException: Error communicating with the remote browser. It may have died.
Build info: version: '2.35.0', revision: 'c916b9d', time: '2013-08-12 15:42:30'
System info: os.name: 'Windows 7', os.arch: 'amd64', os.version: '6.1', java.version: '1.7.0_07'
Driver info: driver.version: RemoteWebDriver
	at org.openqa.selenium.remote.RemoteWebDriver.execute(RemoteWebDriver.java:548)
	at org.openqa.selenium.remote.RemoteWebDriver.findElement(RemoteWebDriver.java:307)
	at org.openqa.selenium.remote.RemoteWebDriver.findElementById(RemoteWebDriver.java:348)
	at org.openqa.selenium.By$ById.findElement(By.java:216)
	at org.openqa.selenium.remote.RemoteWebDriver.findElement(RemoteWebDriver.java:299)
	at org.openqa.selenium.support.ui.ExpectedConditions.findElement(ExpectedConditions.java:579)
	at org.openqa.selenium.support.ui.ExpectedConditions.access$0(ExpectedConditions.java:577)
	at org.openqa.selenium.support.ui.ExpectedConditions$3.apply(ExpectedConditions.java:106)
	at org.openqa.selenium.support.ui.ExpectedConditions$3.apply(ExpectedConditions.java:1)
	at org.openqa.selenium.support.ui.FluentWait.until(FluentWait.java:208)
	at com.lexiscn.search.LandingPageSearch.search(LandingPageSearch.java:146)
	at com.lexiscn.search.LandingPageSearch.articleNumberRecognition(LandingPageSearch.java:75)
	at sun.reflect.NativeMethodAccessorImpl.invoke0(Native Method)
	at sun.reflect.NativeMethodAccessorImpl.invoke(NativeMethodAccessorImpl.java:57)
	at sun.reflect.DelegatingMethodAccessorImpl.invoke(DelegatingMethodAccessorImpl.java:43)
	at java.lang.reflect.Method.invoke(Method.java:601)
	at org.testng.internal.MethodInvocationHelper.invokeMethod(MethodInvocationHelper.java:84)
	at org.testng.internal.Invoker.invokeMethod(Invoker.java:714)
	at org.testng.internal.Invoker.invokeTestMethod(Invoker.java:901)
	at org.testng.internal.Invoker.invokeTestMethods(Invoker.java:1231)
	at org.testng.internal.TestMethodWorker.invokeTestMethods(TestMethodWorker.java:127)
	at org.testng.internal.TestMethodWorker.run(TestMethodWorker.java:111)
	at org.testng.TestRunner.privateRun(TestRunner.java:767)
	at org.testng.TestRunner.run(TestRunner.java:617)
	at org.testng.SuiteRunner.runTest(SuiteRunner.java:335)
	at org.testng.SuiteRunner.runSequentially(SuiteRunner.java:330)
	at org.testng.SuiteRunner.privateRun(SuiteRunner.java:291)
	at org.testng.SuiteRunner.run(SuiteRunner.java:240)
	at org.testng.SuiteRunnerWorker.runSuite(SuiteRunnerWorker.java:52)
	at org.testng.SuiteRunnerWorker.run(SuiteRunnerWorker.java:86)
	at org.testng.TestNG.runSuitesSequentially(TestNG.java:1224)
	at org.testng.TestNG.runSuitesLocally(TestNG.java:1149)
	at org.testng.TestNG.run(TestNG.java:1057)
	at org.testng.remote.RemoteTestNG.run(RemoteTestNG.java:111)
	at org.testng.remote.RemoteTestNG.initAndRun(RemoteTestNG.java:204)
	at org.testng.remote.RemoteTestNG.main(RemoteTestNG.java:175)
Caused by: org.apache.http.conn.HttpHostConnectException: Connection to http://127.0.0.1:7056 refused
	at org.apache.http.impl.conn.DefaultClientConnectionOperator.openConnection(DefaultClientConnectionOperator.java:190)
	at org.apache.http.impl.conn.AbstractPoolEntry.open(AbstractPoolEntry.java:151)
	at org.apache.http.impl.conn.AbstractPooledConnAdapter.open(AbstractPooledConnAdapter.java:125)
	at org.apache.http.impl.client.DefaultRequestDirector.tryConnect(DefaultRequestDirector.java:640)
	at org.apache.http.impl.client.DefaultRequestDirector.execute(DefaultRequestDirector.java:479)
	at org.apache.http.impl.client.AbstractHttpClient.execute(AbstractHttpClient.java:906)
	at org.openqa.selenium.remote.HttpCommandExecutor.fallBackExecute(HttpCommandExecutor.java:319)
	at org.openqa.selenium.remote.HttpCommandExecutor.execute(HttpCommandExecutor.java:298)
	at org.openqa.selenium.firefox.internal.NewProfileExtensionConnection.execute(NewProfileExtensionConnection.java:133)
	at org.openqa.selenium.firefox.FirefoxDriver$LazyCommandExecutor.execute(FirefoxDriver.java:367)
	at org.openqa.selenium.remote.RemoteWebDriver.execute(RemoteWebDriver.java:527)
	... 35 more
Caused by: java.net.ConnectException: Connection refused: connect
	at java.net.DualStackPlainSocketImpl.waitForConnect(Native Method)
	at java.net.DualStackPlainSocketImpl.socketConnect(DualStackPlainSocketImpl.java:75)
	at java.net.AbstractPlainSocketImpl.doConnect(AbstractPlainSocketImpl.java:339)
	at java.net.AbstractPlainSocketImpl.connectToAddress(AbstractPlainSocketImpl.java:200)
	at java.net.AbstractPlainSocketImpl.connect(AbstractPlainSocketImpl.java:182)
	at java.net.PlainSocketImpl.connect(PlainSocketImpl.java:157)
	at java.net.SocksSocketImpl.connect(SocksSocketImpl.java:391)
	at java.net.Socket.connect(Socket.java:579)
	at org.apache.http.conn.scheme.PlainSocketFactory.connectSocket(PlainSocketFactory.java:127)
	at org.apache.http.impl.conn.DefaultClientConnectionOperator.openConnection(DefaultClientConnectionOperator.java:180)
	... 45 more
]]>
    </failure>
  </testcase> <!-- articleNumberRecognition on com.lexiscn.search.LandingPageSearch@2ef8ee5f -->
  <testcase name="articleNumberRecognition on com.lexiscn.search.LandingPageSearch@2ef8ee5f" time="0.001" classname="com.lexiscn.search.LandingPageSearch">
    <skipped/>
  </testcase> <!-- articleNumberRecognition on com.lexiscn.search.LandingPageSearch@2ef8ee5f -->
  <testcase name="articleNumberRecognition on com.lexiscn.search.LandingPageSearch@2ef8ee5f" time="0.002" classname="com.lexiscn.search.LandingPageSearch">
    <skipped/>
  </testcase> <!-- articleNumberRecognition on com.lexiscn.search.LandingPageSearch@2ef8ee5f -->
  <testcase name="articleNumberRecognition on com.lexiscn.search.LandingPageSearch@2ef8ee5f" time="0.002" classname="com.lexiscn.search.LandingPageSearch">
    <skipped/>
  </testcase> <!-- articleNumberRecognition on com.lexiscn.search.LandingPageSearch@2ef8ee5f -->
  <testcase name="articleNumberRecognition on com.lexiscn.search.LandingPageSearch@2ef8ee5f" time="0.002" classname="com.lexiscn.search.LandingPageSearch">
    <skipped/>
  </testcase> <!-- articleNumberRecognition on com.lexiscn.search.LandingPageSearch@2ef8ee5f -->
  <testcase name="articleNumberRecognition on com.lexiscn.search.LandingPageSearch@2ef8ee5f" time="0.002" classname="com.lexiscn.search.LandingPageSearch">
    <skipped/>
  </testcase> <!-- articleNumberRecognition on com.lexiscn.search.LandingPageSearch@2ef8ee5f -->
  <testcase name="promulgatorRecognition on com.lexiscn.search.LandingPageSearch@2ef8ee5f" time="0.001" classname="com.lexiscn.search.LandingPageSearch">
    <skipped/>
  </testcase> <!-- promulgatorRecognition on com.lexiscn.search.LandingPageSearch@2ef8ee5f -->
  <testcase name="promulgatorRecognition on com.lexiscn.search.LandingPageSearch@2ef8ee5f" time="0.0" classname="com.lexiscn.search.LandingPageSearch">
    <skipped/>
  </testcase> <!-- promulgatorRecognition on com.lexiscn.search.LandingPageSearch@2ef8ee5f -->
  <testcase name="searchPerformance on com.lexiscn.search.LandingPageSearch@2ef8ee5f" time="0.001" classname="com.lexiscn.search.LandingPageSearch">
    <skipped/>
  </testcase> <!-- searchPerformance on com.lexiscn.search.LandingPageSearch@2ef8ee5f -->
  <testcase name="searchPerformance on com.lexiscn.search.LandingPageSearch@2ef8ee5f" time="0.0" classname="com.lexiscn.search.LandingPageSearch">
    <skipped/>
  </testcase> <!-- searchPerformance on com.lexiscn.search.LandingPageSearch@2ef8ee5f -->
  <testcase name="searchPerformance on com.lexiscn.search.LandingPageSearch@2ef8ee5f" time="0.0" classname="com.lexiscn.search.LandingPageSearch">
    <skipped/>
  </testcase> <!-- searchPerformance on com.lexiscn.search.LandingPageSearch@2ef8ee5f -->
  <testcase name="searchPerformance on com.lexiscn.search.LandingPageSearch@2ef8ee5f" time="0.003" classname="com.lexiscn.search.LandingPageSearch">
    <skipped/>
  </testcase> <!-- searchPerformance on com.lexiscn.search.LandingPageSearch@2ef8ee5f -->
  <testcase name="searchPerformance on com.lexiscn.search.LandingPageSearch@2ef8ee5f" time="0.001" classname="com.lexiscn.search.LandingPageSearch">
    <skipped/>
  </testcase> <!-- searchPerformance on com.lexiscn.search.LandingPageSearch@2ef8ee5f -->
  <testcase name="searchPerformance on com.lexiscn.search.LandingPageSearch@2ef8ee5f" time="0.0" classname="com.lexiscn.search.LandingPageSearch">
    <skipped/>
  </testcase> <!-- searchPerformance on com.lexiscn.search.LandingPageSearch@2ef8ee5f -->
  <testcase name="searchPerformance on com.lexiscn.search.LandingPageSearch@2ef8ee5f" time="0.001" classname="com.lexiscn.search.LandingPageSearch">
    <skipped/>
  </testcase> <!-- searchPerformance on com.lexiscn.search.LandingPageSearch@2ef8ee5f -->
  <testcase name="searchPerformance on com.lexiscn.search.LandingPageSearch@2ef8ee5f" time="0.001" classname="com.lexiscn.search.LandingPageSearch">
    <skipped/>
  </testcase> <!-- searchPerformance on com.lexiscn.search.LandingPageSearch@2ef8ee5f -->
  <testcase name="searchPerformance on com.lexiscn.search.LandingPageSearch@2ef8ee5f" time="0.0" classname="com.lexiscn.search.LandingPageSearch">
    <skipped/>
  </testcase> <!-- searchPerformance on com.lexiscn.search.LandingPageSearch@2ef8ee5f -->
  <testcase name="searchPerformance on com.lexiscn.search.LandingPageSearch@2ef8ee5f" time="0.008" classname="com.lexiscn.search.LandingPageSearch">
    <skipped/>
  </testcase> <!-- searchPerformance on com.lexiscn.search.LandingPageSearch@2ef8ee5f -->
  <testcase name="searchPerformance on com.lexiscn.search.LandingPageSearch@2ef8ee5f" time="0.0" classname="com.lexiscn.search.LandingPageSearch">
    <skipped/>
  </testcase> <!-- searchPerformance on com.lexiscn.search.LandingPageSearch@2ef8ee5f -->
  <testcase name="searchPerformance on com.lexiscn.search.LandingPageSearch@2ef8ee5f" time="0.0" classname="com.lexiscn.search.LandingPageSearch">
    <skipped/>
  </testcase> <!-- searchPerformance on com.lexiscn.search.LandingPageSearch@2ef8ee5f -->
  <testcase name="searchPerformance on com.lexiscn.search.LandingPageSearch@2ef8ee5f" time="0.001" classname="com.lexiscn.search.LandingPageSearch">
    <skipped/>
  </testcase> <!-- searchPerformance on com.lexiscn.search.LandingPageSearch@2ef8ee5f -->
  <testcase name="searchPerformance on com.lexiscn.search.LandingPageSearch@2ef8ee5f" time="0.001" classname="com.lexiscn.search.LandingPageSearch">
    <skipped/>
  </testcase> <!-- searchPerformance on com.lexiscn.search.LandingPageSearch@2ef8ee5f -->
  <testcase name="searchPerformance on com.lexiscn.search.LandingPageSearch@2ef8ee5f" time="0.001" classname="com.lexiscn.search.LandingPageSearch">
    <skipped/>
  </testcase> <!-- searchPerformance on com.lexiscn.search.LandingPageSearch@2ef8ee5f -->
  <testcase name="searchPerformance on com.lexiscn.search.LandingPageSearch@2ef8ee5f" time="0.001" classname="com.lexiscn.search.LandingPageSearch">
    <skipped/>
  </testcase> <!-- searchPerformance on com.lexiscn.search.LandingPageSearch@2ef8ee5f -->
  <testcase name="searchPerformance on com.lexiscn.search.LandingPageSearch@2ef8ee5f" time="0.0" classname="com.lexiscn.search.LandingPageSearch">
    <skipped/>
  </testcase> <!-- searchPerformance on com.lexiscn.search.LandingPageSearch@2ef8ee5f -->
  <testcase name="searchPerformance on com.lexiscn.search.LandingPageSearch@2ef8ee5f" time="0.0" classname="com.lexiscn.search.LandingPageSearch">
    <skipped/>
  </testcase> <!-- searchPerformance on com.lexiscn.search.LandingPageSearch@2ef8ee5f -->
  <testcase name="searchPerformance on com.lexiscn.search.LandingPageSearch@2ef8ee5f" time="0.001" classname="com.lexiscn.search.LandingPageSearch">
    <skipped/>
  </testcase> <!-- searchPerformance on com.lexiscn.search.LandingPageSearch@2ef8ee5f -->
  <testcase name="searchPerformance on com.lexiscn.search.LandingPageSearch@2ef8ee5f" time="0.001" classname="com.lexiscn.search.LandingPageSearch">
    <skipped/>
  </testcase> <!-- searchPerformance on com.lexiscn.search.LandingPageSearch@2ef8ee5f -->
  <testcase name="searchPerformance on com.lexiscn.search.LandingPageSearch@2ef8ee5f" time="0.0" classname="com.lexiscn.search.LandingPageSearch">
    <skipped/>
  </testcase> <!-- searchPerformance on com.lexiscn.search.LandingPageSearch@2ef8ee5f -->
  <testcase name="searchPerformance on com.lexiscn.search.LandingPageSearch@2ef8ee5f" time="0.0" classname="com.lexiscn.search.LandingPageSearch">
    <skipped/>
  </testcase> <!-- searchPerformance on com.lexiscn.search.LandingPageSearch@2ef8ee5f -->
  <testcase name="searchPerformance on com.lexiscn.search.LandingPageSearch@2ef8ee5f" time="0.006" classname="com.lexiscn.search.LandingPageSearch">
    <skipped/>
  </testcase> <!-- searchPerformance on com.lexiscn.search.LandingPageSearch@2ef8ee5f -->
  <testcase name="searchPerformance on com.lexiscn.search.LandingPageSearch@2ef8ee5f" time="0.001" classname="com.lexiscn.search.LandingPageSearch">
    <skipped/>
  </testcase> <!-- searchPerformance on com.lexiscn.search.LandingPageSearch@2ef8ee5f -->
  <testcase name="searchPerformance on com.lexiscn.search.LandingPageSearch@2ef8ee5f" time="0.001" classname="com.lexiscn.search.LandingPageSearch">
    <skipped/>
  </testcase> <!-- searchPerformance on com.lexiscn.search.LandingPageSearch@2ef8ee5f -->
  <testcase name="searchPerformance on com.lexiscn.search.LandingPageSearch@2ef8ee5f" time="0.001" classname="com.lexiscn.search.LandingPageSearch">
    <skipped/>
  </testcase> <!-- searchPerformance on com.lexiscn.search.LandingPageSearch@2ef8ee5f -->
  <testcase name="searchPerformance on com.lexiscn.search.LandingPageSearch@2ef8ee5f" time="0.014" classname="com.lexiscn.search.LandingPageSearch">
    <skipped/>
  </testcase> <!-- searchPerformance on com.lexiscn.search.LandingPageSearch@2ef8ee5f -->
  <testcase name="searchPerformance on com.lexiscn.search.LandingPageSearch@2ef8ee5f" time="0.001" classname="com.lexiscn.search.LandingPageSearch">
    <skipped/>
  </testcase> <!-- searchPerformance on com.lexiscn.search.LandingPageSearch@2ef8ee5f -->
  <testcase name="searchPerformance on com.lexiscn.search.LandingPageSearch@2ef8ee5f" time="0.0" classname="com.lexiscn.search.LandingPageSearch">
    <skipped/>
  </testcase> <!-- searchPerformance on com.lexiscn.search.LandingPageSearch@2ef8ee5f -->
  <testcase name="searchPerformance on com.lexiscn.search.LandingPageSearch@2ef8ee5f" time="0.0" classname="com.lexiscn.search.LandingPageSearch">
    <skipped/>
  </testcase> <!-- searchPerformance on com.lexiscn.search.LandingPageSearch@2ef8ee5f -->
  <testcase name="searchPerformance on com.lexiscn.search.LandingPageSearch@2ef8ee5f" time="0.001" classname="com.lexiscn.search.LandingPageSearch">
    <skipped/>
  </testcase> <!-- searchPerformance on com.lexiscn.search.LandingPageSearch@2ef8ee5f -->
  <testcase name="searchPerformance on com.lexiscn.search.LandingPageSearch@2ef8ee5f" time="0.0" classname="com.lexiscn.search.LandingPageSearch">
    <skipped/>
  </testcase> <!-- searchPerformance on com.lexiscn.search.LandingPageSearch@2ef8ee5f -->
  <testcase name="searchPerformance on com.lexiscn.search.LandingPageSearch@2ef8ee5f" time="0.001" classname="com.lexiscn.search.LandingPageSearch">
    <skipped/>
  </testcase> <!-- searchPerformance on com.lexiscn.search.LandingPageSearch@2ef8ee5f -->
  <testcase name="searchPerformance on com.lexiscn.search.LandingPageSearch@2ef8ee5f" time="0.0" classname="com.lexiscn.search.LandingPageSearch">
    <skipped/>
  </testcase> <!-- searchPerformance on com.lexiscn.search.LandingPageSearch@2ef8ee5f -->
  <testcase name="searchPerformance on com.lexiscn.search.LandingPageSearch@2ef8ee5f" time="0.001" classname="com.lexiscn.search.LandingPageSearch">
    <skipped/>
  </testcase> <!-- searchPerformance on com.lexiscn.search.LandingPageSearch@2ef8ee5f -->
  <testcase name="searchPerformance on com.lexiscn.search.LandingPageSearch@2ef8ee5f" time="0.001" classname="com.lexiscn.search.LandingPageSearch">
    <skipped/>
  </testcase> <!-- searchPerformance on com.lexiscn.search.LandingPageSearch@2ef8ee5f -->
  <testcase name="searchPerformance on com.lexiscn.search.LandingPageSearch@2ef8ee5f" time="0.007" classname="com.lexiscn.search.LandingPageSearch">
    <skipped/>
  </testcase> <!-- searchPerformance on com.lexiscn.search.LandingPageSearch@2ef8ee5f -->
  <testcase name="searchPerformance on com.lexiscn.search.LandingPageSearch@2ef8ee5f" time="0.0" classname="com.lexiscn.search.LandingPageSearch">
    <skipped/>
  </testcase> <!-- searchPerformance on com.lexiscn.search.LandingPageSearch@2ef8ee5f -->
  <testcase name="searchPerformance on com.lexiscn.search.LandingPageSearch@2ef8ee5f" time="0.0" classname="com.lexiscn.search.LandingPageSearch">
    <skipped/>
  </testcase> <!-- searchPerformance on com.lexiscn.search.LandingPageSearch@2ef8ee5f -->
  <testcase name="searchPerformance on com.lexiscn.search.LandingPageSearch@2ef8ee5f" time="0.0" classname="com.lexiscn.search.LandingPageSearch">
    <skipped/>
  </testcase> <!-- searchPerformance on com.lexiscn.search.LandingPageSearch@2ef8ee5f -->
  <testcase name="searchPerformance on com.lexiscn.search.LandingPageSearch@2ef8ee5f" time="0.007" classname="com.lexiscn.search.LandingPageSearch">
    <skipped/>
  </testcase> <!-- searchPerformance on com.lexiscn.search.LandingPageSearch@2ef8ee5f -->
  <testcase name="searchPerformance on com.lexiscn.search.LandingPageSearch@2ef8ee5f" time="0.0" classname="com.lexiscn.search.LandingPageSearch">
    <skipped/>
  </testcase> <!-- searchPerformance on com.lexiscn.search.LandingPageSearch@2ef8ee5f -->
  <testcase name="searchPerformance on com.lexiscn.search.LandingPageSearch@2ef8ee5f" time="0.0" classname="com.lexiscn.search.LandingPageSearch">
    <skipped/>
  </testcase> <!-- searchPerformance on com.lexiscn.search.LandingPageSearch@2ef8ee5f -->
  <testcase name="searchPerformance on com.lexiscn.search.LandingPageSearch@2ef8ee5f" time="0.0" classname="com.lexiscn.search.LandingPageSearch">
    <skipped/>
  </testcase> <!-- searchPerformance on com.lexiscn.search.LandingPageSearch@2ef8ee5f -->
  <testcase name="searchPerformance on com.lexiscn.search.LandingPageSearch@2ef8ee5f" time="0.0" classname="com.lexiscn.search.LandingPageSearch">
    <skipped/>
  </testcase> <!-- searchPerformance on com.lexiscn.search.LandingPageSearch@2ef8ee5f -->
  <testcase name="searchPerformance on com.lexiscn.search.LandingPageSearch@2ef8ee5f" time="0.001" classname="com.lexiscn.search.LandingPageSearch">
    <skipped/>
  </testcase> <!-- searchPerformance on com.lexiscn.search.LandingPageSearch@2ef8ee5f -->
  <testcase name="searchPerformance on com.lexiscn.search.LandingPageSearch@2ef8ee5f" time="0.001" classname="com.lexiscn.search.LandingPageSearch">
    <skipped/>
  </testcase> <!-- searchPerformance on com.lexiscn.search.LandingPageSearch@2ef8ee5f -->
  <testcase name="searchPerformance on com.lexiscn.search.LandingPageSearch@2ef8ee5f" time="0.001" classname="com.lexiscn.search.LandingPageSearch">
    <skipped/>
  </testcase> <!-- searchPerformance on com.lexiscn.search.LandingPageSearch@2ef8ee5f -->
  <testcase name="searchPerformance on com.lexiscn.search.LandingPageSearch@2ef8ee5f" time="0.001" classname="com.lexiscn.search.LandingPageSearch">
    <skipped/>
  </testcase> <!-- searchPerformance on com.lexiscn.search.LandingPageSearch@2ef8ee5f -->
  <testcase name="searchPerformance on com.lexiscn.search.LandingPageSearch@2ef8ee5f" time="0.0" classname="com.lexiscn.search.LandingPageSearch">
    <skipped/>
  </testcase> <!-- searchPerformance on com.lexiscn.search.LandingPageSearch@2ef8ee5f -->
  <testcase name="searchPerformance on com.lexiscn.search.LandingPageSearch@2ef8ee5f" time="0.001" classname="com.lexiscn.search.LandingPageSearch">
    <skipped/>
  </testcase> <!-- searchPerformance on com.lexiscn.search.LandingPageSearch@2ef8ee5f -->
  <testcase name="searchPerformance on com.lexiscn.search.LandingPageSearch@2ef8ee5f" time="0.0" classname="com.lexiscn.search.LandingPageSearch">
    <skipped/>
  </testcase> <!-- searchPerformance on com.lexiscn.search.LandingPageSearch@2ef8ee5f -->
  <testcase name="searchPerformance on com.lexiscn.search.LandingPageSearch@2ef8ee5f" time="0.001" classname="com.lexiscn.search.LandingPageSearch">
    <skipped/>
  </testcase> <!-- searchPerformance on com.lexiscn.search.LandingPageSearch@2ef8ee5f -->
  <testcase name="searchPerformance on com.lexiscn.search.LandingPageSearch@2ef8ee5f" time="0.001" classname="com.lexiscn.search.LandingPageSearch">
    <skipped/>
  </testcase> <!-- searchPerformance on com.lexiscn.search.LandingPageSearch@2ef8ee5f -->
  <testcase name="searchPerformance on com.lexiscn.search.LandingPageSearch@2ef8ee5f" time="0.001" classname="com.lexiscn.search.LandingPageSearch">
    <skipped/>
  </testcase> <!-- searchPerformance on com.lexiscn.search.LandingPageSearch@2ef8ee5f -->
  <testcase name="searchPerformance on com.lexiscn.search.LandingPageSearch@2ef8ee5f" time="0.001" classname="com.lexiscn.search.LandingPageSearch">
    <skipped/>
  </testcase> <!-- searchPerformance on com.lexiscn.search.LandingPageSearch@2ef8ee5f -->
  <testcase name="searchPerformance on com.lexiscn.search.LandingPageSearch@2ef8ee5f" time="0.001" classname="com.lexiscn.search.LandingPageSearch">
    <skipped/>
  </testcase> <!-- searchPerformance on com.lexiscn.search.LandingPageSearch@2ef8ee5f -->
  <testcase name="searchPerformance on com.lexiscn.search.LandingPageSearch@2ef8ee5f" time="0.001" classname="com.lexiscn.search.LandingPageSearch">
    <skipped/>
  </testcase> <!-- searchPerformance on com.lexiscn.search.LandingPageSearch@2ef8ee5f -->
  <testcase name="searchPerformance on com.lexiscn.search.LandingPageSearch@2ef8ee5f" time="0.0" classname="com.lexiscn.search.LandingPageSearch">
    <skipped/>
  </testcase> <!-- searchPerformance on com.lexiscn.search.LandingPageSearch@2ef8ee5f -->
  <testcase name="searchPerformance on com.lexiscn.search.LandingPageSearch@2ef8ee5f" time="0.001" classname="com.lexiscn.search.LandingPageSearch">
    <skipped/>
  </testcase> <!-- searchPerformance on com.lexiscn.search.LandingPageSearch@2ef8ee5f -->
  <testcase name="searchPerformance on com.lexiscn.search.LandingPageSearch@2ef8ee5f" time="0.0" classname="com.lexiscn.search.LandingPageSearch">
    <skipped/>
  </testcase> <!-- searchPerformance on com.lexiscn.search.LandingPageSearch@2ef8ee5f -->
  <testcase name="searchPerformance on com.lexiscn.search.LandingPageSearch@2ef8ee5f" time="0.005" classname="com.lexiscn.search.LandingPageSearch">
    <skipped/>
  </testcase> <!-- searchPerformance on com.lexiscn.search.LandingPageSearch@2ef8ee5f -->
  <testcase name="searchPerformance on com.lexiscn.search.LandingPageSearch@2ef8ee5f" time="0.0" classname="com.lexiscn.search.LandingPageSearch">
    <skipped/>
  </testcase> <!-- searchPerformance on com.lexiscn.search.LandingPageSearch@2ef8ee5f -->
  <testcase name="searchPerformance on com.lexiscn.search.LandingPageSearch@2ef8ee5f" time="0.001" classname="com.lexiscn.search.LandingPageSearch">
    <skipped/>
  </testcase> <!-- searchPerformance on com.lexiscn.search.LandingPageSearch@2ef8ee5f -->
  <testcase name="searchPerformance on com.lexiscn.search.LandingPageSearch@2ef8ee5f" time="0.0" classname="com.lexiscn.search.LandingPageSearch">
    <skipped/>
  </testcase> <!-- searchPerformance on com.lexiscn.search.LandingPageSearch@2ef8ee5f -->
  <testcase name="searchPerformance on com.lexiscn.search.LandingPageSearch@2ef8ee5f" time="0.006" classname="com.lexiscn.search.LandingPageSearch">
    <skipped/>
  </testcase> <!-- searchPerformance on com.lexiscn.search.LandingPageSearch@2ef8ee5f -->
  <testcase name="searchPerformance on com.lexiscn.search.LandingPageSearch@2ef8ee5f" time="0.0" classname="com.lexiscn.search.LandingPageSearch">
    <skipped/>
  </testcase> <!-- searchPerformance on com.lexiscn.search.LandingPageSearch@2ef8ee5f -->
  <testcase name="searchPerformance on com.lexiscn.search.LandingPageSearch@2ef8ee5f" time="0.0" classname="com.lexiscn.search.LandingPageSearch">
    <skipped/>
  </testcase> <!-- searchPerformance on com.lexiscn.search.LandingPageSearch@2ef8ee5f -->
  <testcase name="searchPerformance on com.lexiscn.search.LandingPageSearch@2ef8ee5f" time="0.0" classname="com.lexiscn.search.LandingPageSearch">
    <skipped/>
  </testcase> <!-- searchPerformance on com.lexiscn.search.LandingPageSearch@2ef8ee5f -->
  <testcase name="searchPerformance on com.lexiscn.search.LandingPageSearch@2ef8ee5f" time="0.0" classname="com.lexiscn.search.LandingPageSearch">
    <skipped/>
  </testcase> <!-- searchPerformance on com.lexiscn.search.LandingPageSearch@2ef8ee5f -->
  <testcase name="searchPerformance on com.lexiscn.search.LandingPageSearch@2ef8ee5f" time="0.001" classname="com.lexiscn.search.LandingPageSearch">
    <skipped/>
  </testcase> <!-- searchPerformance on com.lexiscn.search.LandingPageSearch@2ef8ee5f -->
  <testcase name="searchPerformance on com.lexiscn.search.LandingPageSearch@2ef8ee5f" time="0.001" classname="com.lexiscn.search.LandingPageSearch">
    <skipped/>
  </testcase> <!-- searchPerformance on com.lexiscn.search.LandingPageSearch@2ef8ee5f -->
  <testcase name="searchPerformance on com.lexiscn.search.LandingPageSearch@2ef8ee5f" time="0.0" classname="com.lexiscn.search.LandingPageSearch">
    <skipped/>
  </testcase> <!-- searchPerformance on com.lexiscn.search.LandingPageSearch@2ef8ee5f -->
  <testcase name="searchPerformance on com.lexiscn.search.LandingPageSearch@2ef8ee5f" time="0.0" classname="com.lexiscn.search.LandingPageSearch">
    <skipped/>
  </testcase> <!-- searchPerformance on com.lexiscn.search.LandingPageSearch@2ef8ee5f -->
  <testcase name="searchPerformance on com.lexiscn.search.LandingPageSearch@2ef8ee5f" time="0.001" classname="com.lexiscn.search.LandingPageSearch">
    <skipped/>
  </testcase> <!-- searchPerformance on com.lexiscn.search.LandingPageSearch@2ef8ee5f -->
  <testcase name="searchPerformance on com.lexiscn.search.LandingPageSearch@2ef8ee5f" time="0.0" classname="com.lexiscn.search.LandingPageSearch">
    <skipped/>
  </testcase> <!-- searchPerformance on com.lexiscn.search.LandingPageSearch@2ef8ee5f -->
  <testcase name="searchPerformance on com.lexiscn.search.LandingPageSearch@2ef8ee5f" time="0.0" classname="com.lexiscn.search.LandingPageSearch">
    <skipped/>
  </testcase> <!-- searchPerformance on com.lexiscn.search.LandingPageSearch@2ef8ee5f -->
  <testcase name="searchPerformance on com.lexiscn.search.LandingPageSearch@2ef8ee5f" time="0.001" classname="com.lexiscn.search.LandingPageSearch">
    <skipped/>
  </testcase> <!-- searchPerformance on com.lexiscn.search.LandingPageSearch@2ef8ee5f -->
  <testcase name="searchPerformance on com.lexiscn.search.LandingPageSearch@2ef8ee5f" time="0.0" classname="com.lexiscn.search.LandingPageSearch">
    <skipped/>
  </testcase> <!-- searchPerformance on com.lexiscn.search.LandingPageSearch@2ef8ee5f -->
  <testcase name="searchPerformance on com.lexiscn.search.LandingPageSearch@2ef8ee5f" time="0.008" classname="com.lexiscn.search.LandingPageSearch">
    <skipped/>
  </testcase> <!-- searchPerformance on com.lexiscn.search.LandingPageSearch@2ef8ee5f -->
  <testcase name="searchPerformance on com.lexiscn.search.LandingPageSearch@2ef8ee5f" time="0.0" classname="com.lexiscn.search.LandingPageSearch">
    <skipped/>
  </testcase> <!-- searchPerformance on com.lexiscn.search.LandingPageSearch@2ef8ee5f -->
  <testcase name="searchPerformance on com.lexiscn.search.LandingPageSearch@2ef8ee5f" time="0.001" classname="com.lexiscn.search.LandingPageSearch">
    <skipped/>
  </testcase> <!-- searchPerformance on com.lexiscn.search.LandingPageSearch@2ef8ee5f -->
  <testcase name="searchPerformance on com.lexiscn.search.LandingPageSearch@2ef8ee5f" time="0.0" classname="com.lexiscn.search.LandingPageSearch">
    <skipped/>
  </testcase> <!-- searchPerformance on com.lexiscn.search.LandingPageSearch@2ef8ee5f -->
  <testcase name="searchPerformance on com.lexiscn.search.LandingPageSearch@2ef8ee5f" time="0.001" classname="com.lexiscn.search.LandingPageSearch">
    <skipped/>
  </testcase> <!-- searchPerformance on com.lexiscn.search.LandingPageSearch@2ef8ee5f -->
  <testcase name="searchPerformance on com.lexiscn.search.LandingPageSearch@2ef8ee5f" time="0.001" classname="com.lexiscn.search.LandingPageSearch">
    <skipped/>
  </testcase> <!-- searchPerformance on com.lexiscn.search.LandingPageSearch@2ef8ee5f -->
  <testcase name="searchPerformance on com.lexiscn.search.LandingPageSearch@2ef8ee5f" time="0.001" classname="com.lexiscn.search.LandingPageSearch">
    <skipped/>
  </testcase> <!-- searchPerformance on com.lexiscn.search.LandingPageSearch@2ef8ee5f -->
  <testcase name="searchPerformance on com.lexiscn.search.LandingPageSearch@2ef8ee5f" time="0.0" classname="com.lexiscn.search.LandingPageSearch">
    <skipped/>
  </testcase> <!-- searchPerformance on com.lexiscn.search.LandingPageSearch@2ef8ee5f -->
  <testcase name="searchPerformance on com.lexiscn.search.LandingPageSearch@2ef8ee5f" time="0.0" classname="com.lexiscn.search.LandingPageSearch">
    <skipped/>
  </testcase> <!-- searchPerformance on com.lexiscn.search.LandingPageSearch@2ef8ee5f -->
  <testcase name="searchPerformance on com.lexiscn.search.LandingPageSearch@2ef8ee5f" time="0.0" classname="com.lexiscn.search.LandingPageSearch">
    <skipped/>
  </testcase> <!-- searchPerformance on com.lexiscn.search.LandingPageSearch@2ef8ee5f -->
  <testcase name="searchPerformance on com.lexiscn.search.LandingPageSearch@2ef8ee5f" time="0.001" classname="com.lexiscn.search.LandingPageSearch">
    <skipped/>
  </testcase> <!-- searchPerformance on com.lexiscn.search.LandingPageSearch@2ef8ee5f -->
  <testcase name="searchPerformance on com.lexiscn.search.LandingPageSearch@2ef8ee5f" time="0.0" classname="com.lexiscn.search.LandingPageSearch">
    <skipped/>
  </testcase> <!-- searchPerformance on com.lexiscn.search.LandingPageSearch@2ef8ee5f -->
  <testcase name="searchPerformance on com.lexiscn.search.LandingPageSearch@2ef8ee5f" time="0.001" classname="com.lexiscn.search.LandingPageSearch">
    <skipped/>
  </testcase> <!-- searchPerformance on com.lexiscn.search.LandingPageSearch@2ef8ee5f -->
  <testcase name="searchPerformance on com.lexiscn.search.LandingPageSearch@2ef8ee5f" time="0.0" classname="com.lexiscn.search.LandingPageSearch">
    <skipped/>
  </testcase> <!-- searchPerformance on com.lexiscn.search.LandingPageSearch@2ef8ee5f -->
  <testcase name="searchPerformance on com.lexiscn.search.LandingPageSearch@2ef8ee5f" time="0.0" classname="com.lexiscn.search.LandingPageSearch">
    <skipped/>
  </testcase> <!-- searchPerformance on com.lexiscn.search.LandingPageSearch@2ef8ee5f -->
  <testcase name="searchPerformance on com.lexiscn.search.LandingPageSearch@2ef8ee5f" time="0.0" classname="com.lexiscn.search.LandingPageSearch">
    <skipped/>
  </testcase> <!-- searchPerformance on com.lexiscn.search.LandingPageSearch@2ef8ee5f -->
  <testcase name="searchPerformance on com.lexiscn.search.LandingPageSearch@2ef8ee5f" time="0.0" classname="com.lexiscn.search.LandingPageSearch">
    <skipped/>
  </testcase> <!-- searchPerformance on com.lexiscn.search.LandingPageSearch@2ef8ee5f -->
  <testcase name="searchPerformance on com.lexiscn.search.LandingPageSearch@2ef8ee5f" time="0.007" classname="com.lexiscn.search.LandingPageSearch">
    <skipped/>
  </testcase> <!-- searchPerformance on com.lexiscn.search.LandingPageSearch@2ef8ee5f -->
  <testcase name="searchPerformance on com.lexiscn.search.LandingPageSearch@2ef8ee5f" time="0.001" classname="com.lexiscn.search.LandingPageSearch">
    <skipped/>
  </testcase> <!-- searchPerformance on com.lexiscn.search.LandingPageSearch@2ef8ee5f -->
  <testcase name="searchPerformance on com.lexiscn.search.LandingPageSearch@2ef8ee5f" time="0.001" classname="com.lexiscn.search.LandingPageSearch">
    <skipped/>
  </testcase> <!-- searchPerformance on com.lexiscn.search.LandingPageSearch@2ef8ee5f -->
  <testcase name="searchPerformance on com.lexiscn.search.LandingPageSearch@2ef8ee5f" time="0.001" classname="com.lexiscn.search.LandingPageSearch">
    <skipped/>
  </testcase> <!-- searchPerformance on com.lexiscn.search.LandingPageSearch@2ef8ee5f -->
  <testcase name="searchPerformance on com.lexiscn.search.LandingPageSearch@2ef8ee5f" time="0.008" classname="com.lexiscn.search.LandingPageSearch">
    <skipped/>
  </testcase> <!-- searchPerformance on com.lexiscn.search.LandingPageSearch@2ef8ee5f -->
  <testcase name="searchPerformance on com.lexiscn.search.LandingPageSearch@2ef8ee5f" time="0.0" classname="com.lexiscn.search.LandingPageSearch">
    <skipped/>
  </testcase> <!-- searchPerformance on com.lexiscn.search.LandingPageSearch@2ef8ee5f -->
  <testcase name="searchPerformance on com.lexiscn.search.LandingPageSearch@2ef8ee5f" time="0.001" classname="com.lexiscn.search.LandingPageSearch">
    <skipped/>
  </testcase> <!-- searchPerformance on com.lexiscn.search.LandingPageSearch@2ef8ee5f -->
  <testcase name="searchPerformance on com.lexiscn.search.LandingPageSearch@2ef8ee5f" time="0.0" classname="com.lexiscn.search.LandingPageSearch">
    <skipped/>
  </testcase> <!-- searchPerformance on com.lexiscn.search.LandingPageSearch@2ef8ee5f -->
  <testcase name="searchPerformance on com.lexiscn.search.LandingPageSearch@2ef8ee5f" time="0.001" classname="com.lexiscn.search.LandingPageSearch">
    <skipped/>
  </testcase> <!-- searchPerformance on com.lexiscn.search.LandingPageSearch@2ef8ee5f -->
  <testcase name="searchPerformance on com.lexiscn.search.LandingPageSearch@2ef8ee5f" time="0.0" classname="com.lexiscn.search.LandingPageSearch">
    <skipped/>
  </testcase> <!-- searchPerformance on com.lexiscn.search.LandingPageSearch@2ef8ee5f -->
  <testcase name="searchPerformance on com.lexiscn.search.LandingPageSearch@2ef8ee5f" time="0.01" classname="com.lexiscn.search.LandingPageSearch">
    <skipped/>
  </testcase> <!-- searchPerformance on com.lexiscn.search.LandingPageSearch@2ef8ee5f -->
  <testcase name="searchPerformance on com.lexiscn.search.LandingPageSearch@2ef8ee5f" time="0.0" classname="com.lexiscn.search.LandingPageSearch">
    <skipped/>
  </testcase> <!-- searchPerformance on com.lexiscn.search.LandingPageSearch@2ef8ee5f -->
  <testcase name="searchPerformance on com.lexiscn.search.LandingPageSearch@2ef8ee5f" time="0.001" classname="com.lexiscn.search.LandingPageSearch">
    <skipped/>
  </testcase> <!-- searchPerformance on com.lexiscn.search.LandingPageSearch@2ef8ee5f -->
  <testcase name="searchPerformance on com.lexiscn.search.LandingPageSearch@2ef8ee5f" time="0.001" classname="com.lexiscn.search.LandingPageSearch">
    <skipped/>
  </testcase> <!-- searchPerformance on com.lexiscn.search.LandingPageSearch@2ef8ee5f -->
  <testcase name="searchPerformance on com.lexiscn.search.LandingPageSearch@2ef8ee5f" time="0.007" classname="com.lexiscn.search.LandingPageSearch">
    <skipped/>
  </testcase> <!-- searchPerformance on com.lexiscn.search.LandingPageSearch@2ef8ee5f -->
</testsuite> <!-- Default test -->
